[debug] [2018-03-09T14:28:15.058Z] ----------------------------------------------------------------------
[debug] [2018-03-09T14:28:15.060Z] Command:       /Users/rafael/.nvm/versions/node/v8.10.0/bin/node /Users/rafael/.nvm/versions/node/v8.10.0/bin/firebase serve --only hosting,functions
[debug] [2018-03-09T14:28:15.060Z] CLI Version:   3.17.5
[debug] [2018-03-09T14:28:15.061Z] Platform:      darwin
[debug] [2018-03-09T14:28:15.061Z] Node Version:  v8.10.0
[debug] [2018-03-09T14:28:15.061Z] Time:          Fri Mar 09 2018 11:28:15 GMT-0300 (-03)
[debug] [2018-03-09T14:28:15.061Z] ----------------------------------------------------------------------
[debug] 
[debug] [2018-03-09T14:28:15.075Z] > command requires scopes: ["email","openid","https://www.googleapis.com/auth/cloudplatformprojects.readonly","https://www.googleapis.com/auth/firebase","https://www.googleapis.com/auth/cloud-platform"]
[debug] [2018-03-09T14:28:15.075Z] > authorizing via signed-in user
[debug] [2018-03-09T14:28:15.077Z] > refreshing access token with scopes: ["email","https://www.googleapis.com/auth/cloud-platform","https://www.googleapis.com/auth/cloudplatformprojects.readonly","https://www.googleapis.com/auth/firebase","openid"]
[debug] [2018-03-09T14:28:15.077Z] >>> HTTP REQUEST POST https://www.googleapis.com/oauth2/v3/token  
 { refresh_token: '1/Fq7H20nAcnyoFK7OHDmSZF8oleUpaJ0j2nd3G9ywomVrLJ2ehhHk0D_EpqA77ils',
  client_id: '563584335869-fgrhgmd47bqnekij5i8b5pr03ho849e6.apps.googleusercontent.com',
  client_secret: 'j9iVZfS8kkCEFUPaAeJV0sAi',
  grant_type: 'refresh_token',
  scope: 'email https://www.googleapis.com/auth/cloud-platform https://www.googleapis.com/auth/cloudplatformprojects.readonly https://www.googleapis.com/auth/firebase openid' } 
 Fri Mar 09 2018 11:28:15 GMT-0300 (-03)
[debug] [2018-03-09T14:28:15.590Z] <<< HTTP RESPONSE 200
[debug] [2018-03-09T14:28:15.607Z] >>> HTTP REQUEST GET https://admin.firebase.com/v1/projects/api-futebol-io  
  
 Fri Mar 09 2018 11:28:15 GMT-0300 (-03)
[debug] [2018-03-09T14:28:16.536Z] <<< HTTP RESPONSE 200
[debug] [2018-03-09T14:28:16.537Z] >>> HTTP REQUEST GET https://admin.firebase.com/v1/database/api-futebol-io/tokens  
  
 Fri Mar 09 2018 11:28:16 GMT-0300 (-03)
[debug] [2018-03-09T14:28:17.246Z] <<< HTTP RESPONSE 200
[debug] [2018-03-09T14:28:17.248Z] >>> HTTP REQUEST GET https://cloudresourcemanager.googleapis.com/v1/projects/api-futebol-io  
  
 Fri Mar 09 2018 11:28:17 GMT-0300 (-03)
[debug] [2018-03-09T14:28:18.131Z] <<< HTTP RESPONSE 200
[info] 
[info] === Serving from '/Users/rafael/Code/futebol.io/api'...
[info] 
[info] i  functions: Preparing to emulate functions.
[debug] [2018-03-09T14:28:19.042Z] Fetching environment
[debug] [2018-03-09T14:28:19.045Z] >>> HTTP REQUEST GET https://mobilesdk-pa.googleapis.com/v1/projects/470067769606:getServerAppConfig  
  
 Fri Mar 09 2018 11:28:19 GMT-0300 (-03)
[debug] [2018-03-09T14:28:19.045Z] >>> HTTP REQUEST GET https://mobilesdk-pa.googleapis.com/v1/projects/470067769606/clients/_:getWebAppConfig  
  
 Fri Mar 09 2018 11:28:19 GMT-0300 (-03)
[debug] [2018-03-09T14:28:19.681Z] <<< HTTP RESPONSE 200
[debug] [2018-03-09T14:28:19.682Z] Starting @google-cloud/functions-emulator
[debug] [2018-03-09T14:28:19.709Z] <<< HTTP RESPONSE 200
[info] i  hosting: Serving hosting files from: public
[info] ✔  hosting: Local server: http://localhost:5000

[debug] [2018-03-09T14:28:21.275Z] Parsing function triggers
[info] ✔  functions: app: http://localhost:5001/api-futebol-io/us-central1/app
