[debug] [2018-03-09T17:55:02.282Z] ----------------------------------------------------------------------
[debug] [2018-03-09T17:55:02.285Z] Command:       /Users/rafael/.nvm/versions/node/v8.10.0/bin/node /Users/rafael/.nvm/versions/node/v8.10.0/bin/firebase deploy
[debug] [2018-03-09T17:55:02.285Z] CLI Version:   3.17.5
[debug] [2018-03-09T17:55:02.285Z] Platform:      darwin
[debug] [2018-03-09T17:55:02.285Z] Node Version:  v8.10.0
[debug] [2018-03-09T17:55:02.286Z] Time:          Fri Mar 09 2018 14:55:02 GMT-0300 (-03)
[debug] [2018-03-09T17:55:02.286Z] ----------------------------------------------------------------------
[debug] 
[debug] [2018-03-09T17:55:02.306Z] > command requires scopes: ["email","openid","https://www.googleapis.com/auth/cloudplatformprojects.readonly","https://www.googleapis.com/auth/firebase","https://www.googleapis.com/auth/cloud-platform"]
[debug] [2018-03-09T17:55:02.306Z] > authorizing via signed-in user
[debug] [2018-03-09T17:55:02.308Z] >>> HTTP REQUEST GET https://admin.firebase.com/v1/projects/futebol-io  
  
 Fri Mar 09 2018 14:55:02 GMT-0300 (-03)
[debug] [2018-03-09T17:55:03.614Z] <<< HTTP RESPONSE 200
[debug] [2018-03-09T17:55:03.615Z] >>> HTTP REQUEST GET https://admin.firebase.com/v1/database/futebol-io/tokens  
  
 Fri Mar 09 2018 14:55:03 GMT-0300 (-03)
[debug] [2018-03-09T17:55:04.308Z] <<< HTTP RESPONSE 200
[info] 
[info] === Deploying to 'futebol-io'...
[info] 
[info] i  deploying hosting
[info] i  hosting: preparing ./dist directory for upload...
[debug] [2018-03-09T17:55:05.583Z] >>> HTTP REQUEST PUT https://deploy.firebase.com/v1/hosting/futebol-io/uploads/-L7Atib8bibIz_Nb9nxJ?fileCount=33&message=  
  
 Fri Mar 09 2018 14:55:05 GMT-0300 (-03)
